<?xml version="1.0" encoding="UTF-8"?>
<!-- Generated by org.testng.reporters.JUnitXMLReporter -->
<testsuite ignored="0" hostname="DESKTOP-49S7QMJ" failures="0" tests="3" name="Testing in Chrome" time="0.082" errors="0" timestamp="2024-07-10T17:18:48 CDT">
  <testcase classname="Scenarios.testCases" name="@BeforeClass setUp" time="-1.720649928128E9">
    <failure type="org.testng.TestNGException" message="
Method setUp requires 1 parameters but 3 were supplied in the BeforeClass annotation.">
      <![CDATA[org.testng.TestNGException: 
Method setUp requires 1 parameters but 3 were supplied in the BeforeClass annotation.
at java.base/java.util.ArrayList.forEach(ArrayList.java:1511)
... Removed 22 stack frames]]>
    </failure>
  </testcase> <!-- @BeforeClass setUp -->
  <testcase classname="Scenarios.testCases" name="Test_Scenario1" time="0.0">
    <skipped/>
  </testcase> <!-- Test_Scenario1 -->
  <testcase classname="Scenarios.testCases" name="Test_Scenario2" time="0.001">
    <skipped/>
  </testcase> <!-- Test_Scenario2 -->
  <testcase classname="Scenarios.testCases" name="Test_Scenario3" time="0.0">
    <skipped/>
  </testcase> <!-- Test_Scenario3 -->
</testsuite> <!-- Testing in Chrome -->
