<?xml version="1.0" encoding="UTF-8"?>
<!-- Generated by org.testng.reporters.JUnitXMLReporter -->
<testsuite ignored="0" hostname="DESKTOP-49S7QMJ" failures="0" tests="3" name="Testing in Chrome" time="1.616" errors="0" timestamp="2024-07-10T21:54:38 CDT">
  <testcase classname="Scenarios.testCases" name="@BeforeClass setUp" time="1.545">
    <failure type="org.openqa.selenium.SessionNotCreatedException" message="Could not start a new session. Response code 500. Message: All minutes for this organization has been exhausted 
Host info: host: &amp;apos;DESKTOP-49S7QMJ&amp;apos;, ip: &amp;apos;192.168.1.238&amp;apos;
Build info: version: &amp;apos;4.21.0&amp;apos;, revision: &amp;apos;79ed462ef4&amp;apos;
System info: os.name: &amp;apos;Windows 11&amp;apos;, os.arch: &amp;apos;amd64&amp;apos;, os.version: &amp;apos;10.0&amp;apos;, java.version: &amp;apos;17.0.7&amp;apos;
Driver info: org.openqa.selenium.remote.RemoteWebDriver
Command: [null, newSession {capabilities=[Capabilities {LT:Options: {accessKey: k5UdxCz6jNfxKCjPPAdyDt2ij2j..., build: LambTest, console: true, name: LambdaTest, network: true, project: SeleniumAssignment101, selenium_version: 4.0.0, username: mahajanisha, video: true, visual: true, w3c: true}, browserName: Chrome, browserVersion: 126, goog:chromeOptions: {args: [], extensions: []}, platformName: Windows 11}]}]
Capabilities {LT:Options: {accessKey: k5UdxCz6jNfxKCjPPAdyDt2ij2j..., build: LambTest, console: true, name: LambdaTest, network: true, project: SeleniumAssignment101, selenium_version: 4.0.0, username: mahajanisha, video: true, visual: true, w3c: true}, browserName: Chrome, browserVersion: 126, goog:chromeOptions: {args: [], extensions: []}, platformName: Windows 11}">
      <![CDATA[org.openqa.selenium.SessionNotCreatedException: Could not start a new session. Response code 500. Message: All minutes for this organization has been exhausted 
Host info: host: 'DESKTOP-49S7QMJ', ip: '192.168.1.238'
Build info: version: '4.21.0', revision: '79ed462ef4'
System info: os.name: 'Windows 11', os.arch: 'amd64', os.version: '10.0', java.version: '17.0.7'
Driver info: org.openqa.selenium.remote.RemoteWebDriver
Command: [null, newSession {capabilities=[Capabilities {LT:Options: {accessKey: k5UdxCz6jNfxKCjPPAdyDt2ij2j..., build: LambTest, console: true, name: LambdaTest, network: true, project: SeleniumAssignment101, selenium_version: 4.0.0, username: mahajanisha, video: true, visual: true, w3c: true}, browserName: Chrome, browserVersion: 126, goog:chromeOptions: {args: [], extensions: []}, platformName: Windows 11}]}]
Capabilities {LT:Options: {accessKey: k5UdxCz6jNfxKCjPPAdyDt2ij2j..., build: LambTest, console: true, name: LambdaTest, network: true, project: SeleniumAssignment101, selenium_version: 4.0.0, username: mahajanisha, video: true, visual: true, w3c: true}, browserName: Chrome, browserVersion: 126, goog:chromeOptions: {args: [], extensions: []}, platformName: Windows 11}
at org.openqa.selenium.remote.ProtocolHandshake.createSession(ProtocolHandshake.java:114)
at org.openqa.selenium.remote.ProtocolHandshake.createSession(ProtocolHandshake.java:75)
at org.openqa.selenium.remote.ProtocolHandshake.createSession(ProtocolHandshake.java:61)
at org.openqa.selenium.remote.HttpCommandExecutor.execute(HttpCommandExecutor.java:162)
at org.openqa.selenium.remote.TracedCommandExecutor.execute(TracedCommandExecutor.java:51)
at org.openqa.selenium.remote.RemoteWebDriver.execute(RemoteWebDriver.java:518)
at org.openqa.selenium.remote.RemoteWebDriver.startSession(RemoteWebDriver.java:232)
at org.openqa.selenium.remote.RemoteWebDriver.<init>(RemoteWebDriver.java:161)
at org.openqa.selenium.remote.RemoteWebDriver.<init>(RemoteWebDriver.java:141)
at Scenarios.testCases.setUp(testCases.java:54)
at java.base/java.util.ArrayList.forEach(ArrayList.java:1511)
at java.base/java.util.concurrent.FutureTask.run(FutureTask.java:264)
at java.base/java.util.concurrent.ThreadPoolExecutor.runWorker(ThreadPoolExecutor.java:1136)
at java.base/java.util.concurrent.ThreadPoolExecutor$Worker.run(ThreadPoolExecutor.java:635)
at java.base/java.lang.Thread.run(Thread.java:833)
... Removed 15 stack frames]]>
    </failure>
  </testcase> <!-- @BeforeClass setUp -->
  <testcase classname="Scenarios.testCases" name="@AfterTest TearDown" time="0.0">
    <skipped/>
  </testcase> <!-- @AfterTest TearDown -->
  <testcase classname="Scenarios.testCases" name="@BeforeClass setUp" time="1.637">
    <failure type="org.openqa.selenium.SessionNotCreatedException" message="Could not start a new session. Response code 500. Message: All minutes for this organization has been exhausted 
Host info: host: &amp;apos;DESKTOP-49S7QMJ&amp;apos;, ip: &amp;apos;192.168.1.238&amp;apos;
Build info: version: &amp;apos;4.21.0&amp;apos;, revision: &amp;apos;79ed462ef4&amp;apos;
System info: os.name: &amp;apos;Windows 11&amp;apos;, os.arch: &amp;apos;amd64&amp;apos;, os.version: &amp;apos;10.0&amp;apos;, java.version: &amp;apos;17.0.7&amp;apos;
Driver info: org.openqa.selenium.remote.RemoteWebDriver
Command: [null, newSession {capabilities=[Capabilities {LT:Options: {accessKey: k5UdxCz6jNfxKCjPPAdyDt2ij2j..., build: LambTest, console: true, name: LambdaTest, network: true, project: SeleniumAssignment101, selenium_version: 4.0.0, username: mahajanisha, video: true, visual: true, w3c: true}, browserName: firefox, browserVersion: latest, goog:chromeOptions: {args: [], extensions: []}, platformName: macOS Sonoma}]}]
Capabilities {LT:Options: {accessKey: k5UdxCz6jNfxKCjPPAdyDt2ij2j..., build: LambTest, console: true, name: LambdaTest, network: true, project: SeleniumAssignment101, selenium_version: 4.0.0, username: mahajanisha, video: true, visual: true, w3c: true}, browserName: firefox, browserVersion: latest, goog:chromeOptions: {args: [], extensions: []}, platformName: macOS Sonoma}">
      <![CDATA[org.openqa.selenium.SessionNotCreatedException: Could not start a new session. Response code 500. Message: All minutes for this organization has been exhausted 
Host info: host: 'DESKTOP-49S7QMJ', ip: '192.168.1.238'
Build info: version: '4.21.0', revision: '79ed462ef4'
System info: os.name: 'Windows 11', os.arch: 'amd64', os.version: '10.0', java.version: '17.0.7'
Driver info: org.openqa.selenium.remote.RemoteWebDriver
Command: [null, newSession {capabilities=[Capabilities {LT:Options: {accessKey: k5UdxCz6jNfxKCjPPAdyDt2ij2j..., build: LambTest, console: true, name: LambdaTest, network: true, project: SeleniumAssignment101, selenium_version: 4.0.0, username: mahajanisha, video: true, visual: true, w3c: true}, browserName: firefox, browserVersion: latest, goog:chromeOptions: {args: [], extensions: []}, platformName: macOS Sonoma}]}]
Capabilities {LT:Options: {accessKey: k5UdxCz6jNfxKCjPPAdyDt2ij2j..., build: LambTest, console: true, name: LambdaTest, network: true, project: SeleniumAssignment101, selenium_version: 4.0.0, username: mahajanisha, video: true, visual: true, w3c: true}, browserName: firefox, browserVersion: latest, goog:chromeOptions: {args: [], extensions: []}, platformName: macOS Sonoma}
at org.openqa.selenium.remote.ProtocolHandshake.createSession(ProtocolHandshake.java:114)
at org.openqa.selenium.remote.ProtocolHandshake.createSession(ProtocolHandshake.java:75)
at org.openqa.selenium.remote.ProtocolHandshake.createSession(ProtocolHandshake.java:61)
at org.openqa.selenium.remote.HttpCommandExecutor.execute(HttpCommandExecutor.java:162)
at org.openqa.selenium.remote.TracedCommandExecutor.execute(TracedCommandExecutor.java:51)
at org.openqa.selenium.remote.RemoteWebDriver.execute(RemoteWebDriver.java:518)
at org.openqa.selenium.remote.RemoteWebDriver.startSession(RemoteWebDriver.java:232)
at org.openqa.selenium.remote.RemoteWebDriver.<init>(RemoteWebDriver.java:161)
at org.openqa.selenium.remote.RemoteWebDriver.<init>(RemoteWebDriver.java:141)
at Scenarios.testCases.setUp(testCases.java:54)
at java.base/java.util.ArrayList.forEach(ArrayList.java:1511)
at java.base/java.util.concurrent.FutureTask.run(FutureTask.java:264)
at java.base/java.util.concurrent.ThreadPoolExecutor.runWorker(ThreadPoolExecutor.java:1136)
at java.base/java.util.concurrent.ThreadPoolExecutor$Worker.run(ThreadPoolExecutor.java:635)
at java.base/java.lang.Thread.run(Thread.java:833)
... Removed 15 stack frames]]>
    </failure>
  </testcase> <!-- @BeforeClass setUp -->
  <testcase classname="Scenarios.testCases" name="Test_Scenario1" time="0.0">
    <skipped/>
  </testcase> <!-- Test_Scenario1 -->
  <testcase classname="Scenarios.testCases" name="Test_Scenario2" time="0.0">
    <skipped/>
  </testcase> <!-- Test_Scenario2 -->
  <testcase classname="Scenarios.testCases" name="Test_Scenario3" time="0.0">
    <skipped/>
  </testcase> <!-- Test_Scenario3 -->
</testsuite> <!-- Testing in Chrome -->
