<?xml version="1.0" encoding="UTF-8"?>
<!-- Generated by org.testng.reporters.JUnitReportReporter -->
<testsuite hostname="DESKTOP-49S7QMJ" failures="0" tests="8" name="Scenarios.testCases" time="3.182" errors="2" timestamp="2024-07-10T21:54:38 CDT" skipped="6">
  <testcase classname="Scenarios.testCases" name="setUp" time="1.637">
    <error message="Could not start a new session. Response code 500. Message: All minutes for this organization has been exhausted 
Host info: host: &#039;DESKTOP-49S7QMJ&#039;, ip: &#039;192.168.1.238&#039;
Build info: version: &#039;4.21.0&#039;, revision: &#039;79ed462ef4&#039;
System info: os.name: &#039;Windows 11&#039;, os.arch: &#039;amd64&#039;, os.version: &#039;10.0&#039;, java.version: &#039;17.0.7&#039;
Driver info: org.openqa.selenium.remote.RemoteWebDriver
Command: [null, newSession {capabilities=[Capabilities {LT:Options: {accessKey: k5UdxCz6jNfxKCjPPAdyDt2ij2j..., build: LambTest, console: true, name: LambdaTest, network: true, project: SeleniumAssignment101, selenium_version: 4.0.0, username: mahajanisha, video: true, visual: true, w3c: true}, browserName: firefox, browserVersion: latest, goog:chromeOptions: {args: [], extensions: []}, platformName: macOS Sonoma}]}]
Capabilities {LT:Options: {accessKey: k5UdxCz6jNfxKCjPPAdyDt2ij2j..., build: LambTest, console: true, name: LambdaTest, network: true, project: SeleniumAssignment101, selenium_version: 4.0.0, username: mahajanisha, video: true, visual: true, w3c: true}, browserName: firefox, browserVersion: latest, goog:chromeOptions: {args: [], extensions: []}, platformName: macOS Sonoma}" type="org.openqa.selenium.SessionNotCreatedException">
      <![CDATA[org.openqa.selenium.SessionNotCreatedException: Could not start a new session. Response code 500. Message: All minutes for this organization has been exhausted 
Host info: host: 'DESKTOP-49S7QMJ', ip: '192.168.1.238'
Build info: version: '4.21.0', revision: '79ed462ef4'
System info: os.name: 'Windows 11', os.arch: 'amd64', os.version: '10.0', java.version: '17.0.7'
Driver info: org.openqa.selenium.remote.RemoteWebDriver
Command: [null, newSession {capabilities=[Capabilities {LT:Options: {accessKey: k5UdxCz6jNfxKCjPPAdyDt2ij2j..., build: LambTest, console: true, name: LambdaTest, network: true, project: SeleniumAssignment101, selenium_version: 4.0.0, username: mahajanisha, video: true, visual: true, w3c: true}, browserName: firefox, browserVersion: latest, goog:chromeOptions: {args: [], extensions: []}, platformName: macOS Sonoma}]}]
Capabilities {LT:Options: {accessKey: k5UdxCz6jNfxKCjPPAdyDt2ij2j..., build: LambTest, console: true, name: LambdaTest, network: true, project: SeleniumAssignment101, selenium_version: 4.0.0, username: mahajanisha, video: true, visual: true, w3c: true}, browserName: firefox, browserVersion: latest, goog:chromeOptions: {args: [], extensions: []}, platformName: macOS Sonoma}
at org.openqa.selenium.remote.ProtocolHandshake.createSession(ProtocolHandshake.java:114)
at org.openqa.selenium.remote.ProtocolHandshake.createSession(ProtocolHandshake.java:75)
at org.openqa.selenium.remote.ProtocolHandshake.createSession(ProtocolHandshake.java:61)
at org.openqa.selenium.remote.HttpCommandExecutor.execute(HttpCommandExecutor.java:162)
at org.openqa.selenium.remote.TracedCommandExecutor.execute(TracedCommandExecutor.java:51)
at org.openqa.selenium.remote.RemoteWebDriver.execute(RemoteWebDriver.java:518)
at org.openqa.selenium.remote.RemoteWebDriver.startSession(RemoteWebDriver.java:232)
at org.openqa.selenium.remote.RemoteWebDriver.<init>(RemoteWebDriver.java:161)
at org.openqa.selenium.remote.RemoteWebDriver.<init>(RemoteWebDriver.java:141)
at Scenarios.testCases.setUp(testCases.java:54)
at java.base/jdk.internal.reflect.NativeMethodAccessorImpl.invoke0(Native Method)
at java.base/jdk.internal.reflect.NativeMethodAccessorImpl.invoke(NativeMethodAccessorImpl.java:77)
at java.base/jdk.internal.reflect.DelegatingMethodAccessorImpl.invoke(DelegatingMethodAccessorImpl.java:43)
at java.base/java.lang.reflect.Method.invoke(Method.java:568)
at org.testng.internal.invokers.MethodInvocationHelper.invokeMethod(MethodInvocationHelper.java:139)
at org.testng.internal.invokers.MethodInvocationHelper.invokeMethodConsideringTimeout(MethodInvocationHelper.java:69)
at org.testng.internal.invokers.ConfigInvoker.invokeConfigurationMethod(ConfigInvoker.java:361)
at org.testng.internal.invokers.ConfigInvoker.invokeConfigurations(ConfigInvoker.java:296)
at org.testng.internal.invokers.TestMethodWorker.invokeBeforeClassMethods(TestMethodWorker.java:180)
at org.testng.internal.invokers.TestMethodWorker.run(TestMethodWorker.java:122)
at java.base/java.util.ArrayList.forEach(ArrayList.java:1511)
at org.testng.TestRunner.privateRun(TestRunner.java:829)
at org.testng.TestRunner.run(TestRunner.java:602)
at org.testng.SuiteRunner.runTest(SuiteRunner.java:437)
at org.testng.SuiteRunner$SuiteWorker.run(SuiteRunner.java:475)
at org.testng.internal.thread.ThreadUtil.lambda$execute$0(ThreadUtil.java:58)
at java.base/java.util.concurrent.FutureTask.run(FutureTask.java:264)
at java.base/java.util.concurrent.ThreadPoolExecutor.runWorker(ThreadPoolExecutor.java:1136)
at java.base/java.util.concurrent.ThreadPoolExecutor$Worker.run(ThreadPoolExecutor.java:635)
at java.base/java.lang.Thread.run(Thread.java:833)
]]>
    </error>
  </testcase> <!-- setUp -->
  <system-out/>
  <testcase classname="Scenarios.testCases" name="setUp" time="1.545">
    <error message="Could not start a new session. Response code 500. Message: All minutes for this organization has been exhausted 
Host info: host: &#039;DESKTOP-49S7QMJ&#039;, ip: &#039;192.168.1.238&#039;
Build info: version: &#039;4.21.0&#039;, revision: &#039;79ed462ef4&#039;
System info: os.name: &#039;Windows 11&#039;, os.arch: &#039;amd64&#039;, os.version: &#039;10.0&#039;, java.version: &#039;17.0.7&#039;
Driver info: org.openqa.selenium.remote.RemoteWebDriver
Command: [null, newSession {capabilities=[Capabilities {LT:Options: {accessKey: k5UdxCz6jNfxKCjPPAdyDt2ij2j..., build: LambTest, console: true, name: LambdaTest, network: true, project: SeleniumAssignment101, selenium_version: 4.0.0, username: mahajanisha, video: true, visual: true, w3c: true}, browserName: Chrome, browserVersion: 126, goog:chromeOptions: {args: [], extensions: []}, platformName: Windows 11}]}]
Capabilities {LT:Options: {accessKey: k5UdxCz6jNfxKCjPPAdyDt2ij2j..., build: LambTest, console: true, name: LambdaTest, network: true, project: SeleniumAssignment101, selenium_version: 4.0.0, username: mahajanisha, video: true, visual: true, w3c: true}, browserName: Chrome, browserVersion: 126, goog:chromeOptions: {args: [], extensions: []}, platformName: Windows 11}" type="org.openqa.selenium.SessionNotCreatedException">
      <![CDATA[org.openqa.selenium.SessionNotCreatedException: Could not start a new session. Response code 500. Message: All minutes for this organization has been exhausted 
Host info: host: 'DESKTOP-49S7QMJ', ip: '192.168.1.238'
Build info: version: '4.21.0', revision: '79ed462ef4'
System info: os.name: 'Windows 11', os.arch: 'amd64', os.version: '10.0', java.version: '17.0.7'
Driver info: org.openqa.selenium.remote.RemoteWebDriver
Command: [null, newSession {capabilities=[Capabilities {LT:Options: {accessKey: k5UdxCz6jNfxKCjPPAdyDt2ij2j..., build: LambTest, console: true, name: LambdaTest, network: true, project: SeleniumAssignment101, selenium_version: 4.0.0, username: mahajanisha, video: true, visual: true, w3c: true}, browserName: Chrome, browserVersion: 126, goog:chromeOptions: {args: [], extensions: []}, platformName: Windows 11}]}]
Capabilities {LT:Options: {accessKey: k5UdxCz6jNfxKCjPPAdyDt2ij2j..., build: LambTest, console: true, name: LambdaTest, network: true, project: SeleniumAssignment101, selenium_version: 4.0.0, username: mahajanisha, video: true, visual: true, w3c: true}, browserName: Chrome, browserVersion: 126, goog:chromeOptions: {args: [], extensions: []}, platformName: Windows 11}
at org.openqa.selenium.remote.ProtocolHandshake.createSession(ProtocolHandshake.java:114)
at org.openqa.selenium.remote.ProtocolHandshake.createSession(ProtocolHandshake.java:75)
at org.openqa.selenium.remote.ProtocolHandshake.createSession(ProtocolHandshake.java:61)
at org.openqa.selenium.remote.HttpCommandExecutor.execute(HttpCommandExecutor.java:162)
at org.openqa.selenium.remote.TracedCommandExecutor.execute(TracedCommandExecutor.java:51)
at org.openqa.selenium.remote.RemoteWebDriver.execute(RemoteWebDriver.java:518)
at org.openqa.selenium.remote.RemoteWebDriver.startSession(RemoteWebDriver.java:232)
at org.openqa.selenium.remote.RemoteWebDriver.<init>(RemoteWebDriver.java:161)
at org.openqa.selenium.remote.RemoteWebDriver.<init>(RemoteWebDriver.java:141)
at Scenarios.testCases.setUp(testCases.java:54)
at java.base/jdk.internal.reflect.NativeMethodAccessorImpl.invoke0(Native Method)
at java.base/jdk.internal.reflect.NativeMethodAccessorImpl.invoke(NativeMethodAccessorImpl.java:77)
at java.base/jdk.internal.reflect.DelegatingMethodAccessorImpl.invoke(DelegatingMethodAccessorImpl.java:43)
at java.base/java.lang.reflect.Method.invoke(Method.java:568)
at org.testng.internal.invokers.MethodInvocationHelper.invokeMethod(MethodInvocationHelper.java:139)
at org.testng.internal.invokers.MethodInvocationHelper.invokeMethodConsideringTimeout(MethodInvocationHelper.java:69)
at org.testng.internal.invokers.ConfigInvoker.invokeConfigurationMethod(ConfigInvoker.java:361)
at org.testng.internal.invokers.ConfigInvoker.invokeConfigurations(ConfigInvoker.java:296)
at org.testng.internal.invokers.TestMethodWorker.invokeBeforeClassMethods(TestMethodWorker.java:180)
at org.testng.internal.invokers.TestMethodWorker.run(TestMethodWorker.java:122)
at java.base/java.util.ArrayList.forEach(ArrayList.java:1511)
at org.testng.TestRunner.privateRun(TestRunner.java:829)
at org.testng.TestRunner.run(TestRunner.java:602)
at org.testng.SuiteRunner.runTest(SuiteRunner.java:437)
at org.testng.SuiteRunner$SuiteWorker.run(SuiteRunner.java:475)
at org.testng.internal.thread.ThreadUtil.lambda$execute$0(ThreadUtil.java:58)
at java.base/java.util.concurrent.FutureTask.run(FutureTask.java:264)
at java.base/java.util.concurrent.ThreadPoolExecutor.runWorker(ThreadPoolExecutor.java:1136)
at java.base/java.util.concurrent.ThreadPoolExecutor$Worker.run(ThreadPoolExecutor.java:635)
at java.base/java.lang.Thread.run(Thread.java:833)
]]>
    </error>
  </testcase> <!-- setUp -->
  <system-out/>
  <testcase classname="Scenarios.testCases" name="Test_Scenario1" time="0.000">
    <skipped/>
  </testcase> <!-- Test_Scenario1 -->
  <system-out/>
  <testcase classname="Scenarios.testCases" name="Test_Scenario1" time="0.000">
    <skipped/>
  </testcase> <!-- Test_Scenario1 -->
  <system-out/>
  <testcase classname="Scenarios.testCases" name="Test_Scenario2" time="0.000">
    <skipped/>
  </testcase> <!-- Test_Scenario2 -->
  <system-out/>
  <testcase classname="Scenarios.testCases" name="Test_Scenario2" time="0.000">
    <skipped/>
  </testcase> <!-- Test_Scenario2 -->
  <system-out/>
  <testcase classname="Scenarios.testCases" name="Test_Scenario3" time="0.000">
    <skipped/>
  </testcase> <!-- Test_Scenario3 -->
  <system-out/>
  <testcase classname="Scenarios.testCases" name="Test_Scenario3" time="0.000">
    <skipped/>
  </testcase> <!-- Test_Scenario3 -->
  <system-out/>
</testsuite> <!-- Scenarios.testCases -->
